<?xml version="1.0" encoding="UTF-8"?>
<!-- Generated by org.testng.reporters.JUnitReportReporter -->
<testsuite hostname="DESKTOP-AO7BPD3" failures="0" tests="2" name="TestNG_Programms.Depends_on_Method" time="0.008" errors="0" timestamp="2023-11-04T21:02:49 PDT" skipped="0">
  <testcase classname="TestNG_Programms.Depends_on_Method" name="logout" time="0.003"/>
  <system-out>
    <![CDATA[I am TC2]]>
  </system-out>
  <testcase classname="TestNG_Programms.Depends_on_Method" name="login" time="0.005"/>
  <system-out>
    <![CDATA[I am TC1]]>
  </system-out>
</testsuite> <!-- TestNG_Programms.Depends_on_Method -->
