<?xml version="1.0" encoding="UTF-8"?>
<!-- Generated by org.testng.reporters.JUnitReportReporter -->
<testsuite hostname="DESKTOP-AO7BPD3" failures="0" tests="1" name="Parallel_Testing.Parallel2" time="17.017" errors="0" timestamp="2023-11-06T02:05:38 PST" skipped="0">
  <testcase classname="Parallel_Testing.Parallel2" name="m1" time="17.017"/>
  <system-out/>
</testsuite> <!-- Parallel_Testing.Parallel2 -->
