<?xml version="1.0" encoding="UTF-8"?>
<!-- Generated by org.testng.reporters.JUnitReportReporter -->
<testsuite hostname="DESKTOP-AO7BPD3" failures="0" tests="2" name="Batch_Execution.Sample1" time="0.008" errors="0" timestamp="2023-11-05T23:36:50 PST" skipped="1">
  <testcase classname="Batch_Execution.Sample1" name="TC2" time="0.008"/>
  <system-out>
    <![CDATA[Running TC2]]>
  </system-out>
  <testcase classname="Batch_Execution.Sample1" name="TC1">
    <skipped/>
  </testcase> <!-- TC1 -->
  <system-out/>
</testsuite> <!-- Batch_Execution.Sample1 -->
