<?xml version="1.0" encoding="UTF-8"?>
<!-- Generated by org.testng.reporters.JUnitReportReporter -->
<testsuite hostname="DESKTOP-AO7BPD3" failures="0" tests="3" name="BatchExecution.Sample1" time="0.019" errors="0" timestamp="2023-11-04T20:14:06 PDT" skipped="0">
  <testcase classname="BatchExecution.Sample1" name="TC3" time="0.003"/>
  <system-out>
    <![CDATA[Running TC3]]>
  </system-out>
  <testcase classname="BatchExecution.Sample1" name="TC1" time="0.014"/>
  <system-out>
    <![CDATA[Running TC1]]>
  </system-out>
  <testcase classname="BatchExecution.Sample1" name="TC2" time="0.002"/>
  <system-out>
    <![CDATA[Running TC2]]>
  </system-out>
</testsuite> <!-- BatchExecution.Sample1 -->
