<?xml version="1.0" encoding="UTF-8"?>
<!-- Generated by org.testng.reporters.JUnitReportReporter -->
<testsuite hostname="DESKTOP-AO7BPD3" failures="0" tests="3" name="BatchExecution.Sample2" time="0.015" errors="0" timestamp="2023-11-04T20:14:06 PDT" skipped="0">
  <testcase classname="BatchExecution.Sample2" name="TC5" time="0.006"/>
  <system-out>
    <![CDATA[Running TC5]]>
  </system-out>
  <testcase classname="BatchExecution.Sample2" name="TC6" time="0.002"/>
  <system-out>
    <![CDATA[Running TC6]]>
  </system-out>
  <testcase classname="BatchExecution.Sample2" name="TC4" time="0.007"/>
  <system-out>
    <![CDATA[Running TC4]]>
  </system-out>
</testsuite> <!-- BatchExecution.Sample2 -->
