<?xml version="1.0" encoding="UTF-8"?>
<!-- Generated by org.testng.reporters.JUnitReportReporter -->
<testsuite hostname="DESKTOP-AO7BPD3" failures="0" tests="3" name="TestNG_Programms.Enabled" time="0.012" errors="0" timestamp="2023-11-04T21:02:49 PDT" skipped="1">
  <testcase classname="TestNG_Programms.Enabled" name="TC2" time="0.005"/>
  <system-out>
    <![CDATA[I am TC2]]>
  </system-out>
  <testcase classname="TestNG_Programms.Enabled" name="TC3" time="0.007"/>
  <system-out>
    <![CDATA[I am TC3]]>
  </system-out>
  <testcase classname="TestNG_Programms.Enabled" name="TC1">
    <skipped/>
  </testcase> <!-- TC1 -->
  <system-out/>
</testsuite> <!-- TestNG_Programms.Enabled -->
