<?xml version="1.0" encoding="UTF-8"?>
<!-- Generated by org.testng.reporters.JUnitReportReporter -->
<testsuite hostname="DESKTOP-AO7BPD3" failures="0" tests="2" name="Batch_Execution.Sample2" time="0.009" errors="0" timestamp="2023-11-05T23:36:50 PST" skipped="0">
  <testcase classname="Batch_Execution.Sample2" name="TC3" time="0.005"/>
  <system-out>
    <![CDATA[Running TC3]]>
  </system-out>
  <testcase classname="Batch_Execution.Sample2" name="TC4" time="0.004"/>
  <system-out>
    <![CDATA[Running TC4]]>
  </system-out>
</testsuite> <!-- Batch_Execution.Sample2 -->
