<?xml version="1.0" encoding="UTF-8"?>
<!-- Generated by org.testng.reporters.JUnitReportReporter -->
<testsuite hostname="DESKTOP-AO7BPD3" failures="0" tests="1" name="TestNG_Programms.Demo" time="0.015" errors="0" timestamp="2023-11-05T23:42:08 PST" skipped="0">
  <testcase classname="TestNG_Programms.Demo" name="m1" time="0.015"/>
  <system-out>
    <![CDATA[Hii]]>
  </system-out>
</testsuite> <!-- TestNG_Programms.Demo -->
