<?xml version="1.0" encoding="UTF-8"?>
<!-- Generated by org.testng.reporters.JUnitReportReporter -->
<testsuite hostname="DESKTOP-AO7BPD3" failures="0" tests="3" name="BatchExecution.Sample3" time="0.017" errors="0" timestamp="2023-11-04T20:14:06 PDT" skipped="0">
  <testcase classname="BatchExecution.Sample3" name="TC8" time="0.002"/>
  <system-out>
    <![CDATA[Running TC8]]>
  </system-out>
  <testcase classname="BatchExecution.Sample3" name="TC9" time="0.003"/>
  <system-out>
    <![CDATA[Running TC9]]>
  </system-out>
  <testcase classname="BatchExecution.Sample3" name="TC7" time="0.012"/>
  <system-out>
    <![CDATA[Running TC7]]>
  </system-out>
</testsuite> <!-- BatchExecution.Sample3 -->
