<?xml version="1.0" encoding="UTF-8"?>
<!-- Generated by org.testng.reporters.JUnitReportReporter -->
<testsuite hostname="DESKTOP-AO7BPD3" failures="0" tests="3" name="TestNG_Programms.Timeouts" time="0.029" errors="0" timestamp="2023-11-04T21:02:48 PDT" skipped="0">
  <testcase classname="TestNG_Programms.Timeouts" name="TC1" time="0.017"/>
  <system-out>
    <![CDATA[I am TC1]]>
  </system-out>
  <testcase classname="TestNG_Programms.Timeouts" name="TC3" time="0.003"/>
  <system-out>
    <![CDATA[I am TC3]]>
  </system-out>
  <testcase classname="TestNG_Programms.Timeouts" name="TC2" time="0.009"/>
  <system-out>
    <![CDATA[I am TC2]]>
  </system-out>
</testsuite> <!-- TestNG_Programms.Timeouts -->
